<?xml version="1.0" encoding="UTF-8"?>
<testng-results ignored="0" total="3" passed="2" failed="1" skipped="0">
  <reporter-output>
  </reporter-output>
  <suite started-at="2024-10-10T22:04:07 IST" name="Default suite" finished-at="2024-10-10T22:04:19 IST" duration-ms="12277">
    <groups>
      <group name="cucumber">
        <method signature="AbstractTestNGCucumberTests.runScenario(io.cucumber.testng.PickleWrapper,io.cucumber.testng.FeatureWrapper)[pri:0, instance:testRunner.TestNGTestRunner@4007f65e]" name="runScenario" class="io.cucumber.testng.AbstractTestNGCucumberTests"/>
      </group> <!-- cucumber -->
    </groups>
    <test started-at="2024-10-10T22:04:07 IST" name="Default test" finished-at="2024-10-10T22:04:19 IST" duration-ms="12277">
      <class name="testRunner.TestNGTestRunner">
        <test-method is-config="true" signature="setUpClass(org.testng.ITestContext)[pri:0, instance:testRunner.TestNGTestRunner@4007f65e]" started-at="2024-10-10T22:04:07 IST" name="setUpClass" finished-at="2024-10-10T22:04:08 IST" duration-ms="577" status="PASS">
          <params>
            <param index="0">
              <value>
                <![CDATA[org.testng.TestRunner@6d303498]]>
              </value>
            </param>
          </params>
          <reporter-output>
          </reporter-output>
        </test-method> <!-- setUpClass -->
        <test-method signature="runScenario(io.cucumber.testng.PickleWrapper,io.cucumber.testng.FeatureWrapper)[pri:0, instance:testRunner.TestNGTestRunner@4007f65e]" started-at="2024-10-10T22:04:08 IST" name="runScenario" description="Runs Cucumber Scenarios" data-provider="scenarios" finished-at="2024-10-10T22:04:19 IST" duration-ms="11416" status="PASS">
          <params>
            <param index="0">
              <value>
                <![CDATA["Validate placing a purchase order"]]>
              </value>
            </param>
            <param index="1">
              <value>
                <![CDATA["Validating all the functionalities of Swag Labs Ecommerce application"]]>
              </value>
            </param>
          </params>
          <reporter-output>
          </reporter-output>
        </test-method> <!-- runScenario -->
        <test-method signature="runScenario(io.cucumber.testng.PickleWrapper,io.cucumber.testng.FeatureWrapper)[pri:0, instance:testRunner.TestNGTestRunner@4007f65e]" started-at="2024-10-10T22:04:08 IST" name="runScenario" description="Runs Cucumber Scenarios" data-provider="scenarios" finished-at="2024-10-10T22:04:19 IST" duration-ms="11077" status="PASS">
          <params>
            <param index="0">
              <value>
                <![CDATA["Validate placing a purchase order"]]>
              </value>
            </param>
            <param index="1">
              <value>
                <![CDATA["Validating all the functionalities of Swag Labs Ecommerce application"]]>
              </value>
            </param>
          </params>
          <reporter-output>
          </reporter-output>
        </test-method> <!-- runScenario -->
        <test-method signature="runScenario(io.cucumber.testng.PickleWrapper,io.cucumber.testng.FeatureWrapper)[pri:0, instance:testRunner.TestNGTestRunner@4007f65e]" started-at="2024-10-10T22:04:08 IST" name="runScenario" description="Runs Cucumber Scenarios" data-provider="scenarios" finished-at="2024-10-10T22:04:19 IST" duration-ms="10862" status="FAIL">
          <params>
            <param index="0">
              <value>
                <![CDATA["Validate placing a purchase order"]]>
              </value>
            </param>
            <param index="1">
              <value>
                <![CDATA["Validating all the functionalities of Swag Labs Ecommerce application"]]>
              </value>
            </param>
          </params>
          <exception class="java.lang.AssertionError">
            <message>
              <![CDATA[expected [Your Cart] but found [Checkout: Your Information]]]>
            </message>
            <full-stacktrace>
              <![CDATA[java.lang.AssertionError: expected [Your Cart] but found [Checkout: Your Information]
at org.testng.Assert.fail(Assert.java:111)
at org.testng.Assert.failNotEquals(Assert.java:1578)
at org.testng.Assert.assertEqualsImpl(Assert.java:150)
at org.testng.Assert.assertEquals(Assert.java:132)
at org.testng.Assert.assertEquals(Assert.java:656)
at org.testng.Assert.assertEquals(Assert.java:666)
at stepDefinitions.StepDefinition.user_enters_in_checkout_your_information_screen(StepDefinition.java:64)
at âœ½.User enters "Vajantha", "Vanutha", "455677" in Checkout: Your Information screen(file:///C:/Users/vikasv/Desktop/SwagLabsProject/SwagLabs/src/test/java/featureFiles/Ecomm.feature:15)
]]>
            </full-stacktrace>
          </exception> <!-- java.lang.AssertionError -->
          <reporter-output>
          </reporter-output>
        </test-method> <!-- runScenario -->
        <test-method is-config="true" signature="tearDownClass()[pri:0, instance:testRunner.TestNGTestRunner@4007f65e]" started-at="2024-10-10T22:04:19 IST" name="tearDownClass" finished-at="2024-10-10T22:04:19 IST" duration-ms="250" status="PASS">
          <reporter-output>
          </reporter-output>
        </test-method> <!-- tearDownClass -->
      </class> <!-- testRunner.TestNGTestRunner -->
    </test> <!-- Default test -->
  </suite> <!-- Default suite -->
</testng-results>
